{"uuid":"29c2941a-42a8-454b-aaf5-7a01f861b210","historyId":"8e5ab4b0644a45c1704e0275634d4715","fullName":"example.TestsForChrome.LoginVerifyLandingPage","labels":[{"name":"package","value":"example.TestsForChrome"},{"name":"testClass","value":"example.TestsForChrome"},{"name":"testMethod","value":"LoginVerifyLandingPage"},{"name":"parentSuite","value":"Default suite"},{"name":"suite","value":"Default test"},{"name":"subSuite","value":"example.TestsForChrome"},{"name":"host","value":"WL313736"},{"name":"thread","value":"9968@WL313736.main(1)"}],"links":[],"name":"LoginVerifyLandingPage","status":"broken","statusDetails":{"known":false,"muted":false,"flaky":false,"message":"Expected condition failed: waiting for visibility of element located by By.xpath: xpath:=.//input[@id='username'] (tried for 20 second(s) with 500 milliseconds interval)","trace":"org.openqa.selenium.TimeoutException: Expected condition failed: waiting for visibility of element located by By.xpath: xpath:=.//input[@id='username'] (tried for 20 second(s) with 500 milliseconds interval)\r\n\tat org.openqa.selenium.support.ui.WebDriverWait.timeoutException(WebDriverWait.java:81)\r\n\tat org.openqa.selenium.support.ui.FluentWait.until(FluentWait.java:271)\r\n\tat com.tieto.asap.CommonFunctions.WaitForExpectedElement(CommonFunctions.java:1714)\r\n\tat com.EFP.MyPagesHomePage.loginEFPApplication(MyPagesHomePage.java:125)\r\n\tat example.TestsForChrome.LoginVerifyLandingPage(TestsForChrome.java:111)\r\n\tat sun.reflect.NativeMethodAccessorImpl.invoke0(Native Method)\r\n\tat sun.reflect.NativeMethodAccessorImpl.invoke(NativeMethodAccessorImpl.java:62)\r\n\tat sun.reflect.DelegatingMethodAccessorImpl.invoke(DelegatingMethodAccessorImpl.java:43)\r\n\tat java.lang.reflect.Method.invoke(Method.java:498)\r\n\tat org.testng.internal.MethodInvocationHelper.invokeMethod(MethodInvocationHelper.java:80)\r\n\tat org.testng.internal.Invoker.invokeMethod(Invoker.java:714)\r\n\tat org.testng.internal.Invoker.invokeTestMethod(Invoker.java:901)\r\n\tat org.testng.internal.Invoker.invokeTestMethods(Invoker.java:1231)\r\n\tat org.testng.internal.TestMethodWorker.invokeTestMethods(TestMethodWorker.java:127)\r\n\tat org.testng.internal.TestMethodWorker.run(TestMethodWorker.java:111)\r\n\tat org.testng.TestRunner.privateRun(TestRunner.java:767)\r\n\tat org.testng.TestRunner.run(TestRunner.java:617)\r\n\tat org.testng.SuiteRunner.runTest(SuiteRunner.java:334)\r\n\tat org.testng.SuiteRunner.runSequentially(SuiteRunner.java:329)\r\n\tat org.testng.SuiteRunner.privateRun(SuiteRunner.java:291)\r\n\tat org.testng.SuiteRunner.run(SuiteRunner.java:240)\r\n\tat org.testng.SuiteRunnerWorker.runSuite(SuiteRunnerWorker.java:52)\r\n\tat org.testng.SuiteRunnerWorker.run(SuiteRunnerWorker.java:86)\r\n\tat org.testng.TestNG.runSuitesSequentially(TestNG.java:1198)\r\n\tat org.testng.TestNG.runSuitesLocally(TestNG.java:1123)\r\n\tat org.testng.TestNG.run(TestNG.java:1031)\r\n\tat org.testng.remote.AbstractRemoteTestNG.run(AbstractRemoteTestNG.java:114)\r\n\tat org.testng.remote.RemoteTestNG.initAndRun(RemoteTestNG.java:251)\r\n\tat org.testng.remote.RemoteTestNG.main(RemoteTestNG.java:77)\r\nCaused by: org.openqa.selenium.InvalidSelectorException: invalid selector: Unable to locate an element with the xpath expression xpath:=.//input[@id='username'] because of the following error:\nSyntaxError: Failed to execute 'evaluate' on 'Document': The string 'xpath:=.//input[@id='username']' is not a valid XPath expression.\n  (Session info: chrome=68.0.3440.84)\n  (Driver info: chromedriver=2.41.578737 (49da6702b16031c40d63e5618de03a32ff6c197e),platform=Windows NT 6.3.9600 x86_64) (WARNING: The server did not provide any stacktrace information)\nCommand duration or timeout: 0 milliseconds\nFor documentation on this error, please visit: http://seleniumhq.org/exceptions/invalid_selector_exception.html\nBuild info: version: '3.13.0', revision: '2f0d292', time: '2018-06-25T15:24:21.231Z'\nSystem info: host: 'WL313736', ip: '10.83.33.125', os.name: 'Windows 8.1', os.arch: 'amd64', os.version: '6.3', java.version: '1.8.0_101'\nDriver info: org.openqa.selenium.chrome.ChromeDriver\nCapabilities {acceptInsecureCerts: false, acceptSslCerts: false, applicationCacheEnabled: false, browserConnectionEnabled: false, browserName: chrome, chrome: {chromedriverVersion: 2.41.578737 (49da6702b16031..., userDataDir: C:\\Users\\joshibha\\AppData\\L...}, cssSelectorsEnabled: true, databaseEnabled: false, goog:chromeOptions: {debuggerAddress: localhost:57656}, handlesAlerts: true, hasTouchScreen: false, javascriptEnabled: true, locationContextEnabled: true, mobileEmulationEnabled: false, nativeEvents: true, networkConnectionEnabled: false, pageLoadStrategy: normal, platform: XP, platformName: XP, rotatable: false, setWindowRect: true, takesHeapSnapshot: true, takesScreenshot: true, unexpectedAlertBehaviour: , unhandledPromptBehavior: , version: 68.0.3440.84, webStorageEnabled: true}\nSession ID: c413fad6c01c4465ba7eb0043b26dc78\n*** Element info: {Using=xpath, value=xpath:=.//input[@id='username']}\r\n\tat sun.reflect.GeneratedConstructorAccessor25.newInstance(Unknown Source)\r\n\tat sun.reflect.DelegatingConstructorAccessorImpl.newInstance(DelegatingConstructorAccessorImpl.java:45)\r\n\tat java.lang.reflect.Constructor.newInstance(Constructor.java:423)\r\n\tat org.openqa.selenium.remote.ErrorHandler.createThrowable(ErrorHandler.java:214)\r\n\tat org.openqa.selenium.remote.ErrorHandler.throwIfResponseFailed(ErrorHandler.java:166)\r\n\tat org.openqa.selenium.remote.http.JsonHttpResponseCodec.reconstructValue(JsonHttpResponseCodec.java:40)\r\n\tat org.openqa.selenium.remote.http.AbstractHttpResponseCodec.decode(AbstractHttpResponseCodec.java:80)\r\n\tat org.openqa.selenium.remote.http.AbstractHttpResponseCodec.decode(AbstractHttpResponseCodec.java:44)\r\n\tat org.openqa.selenium.remote.HttpCommandExecutor.execute(HttpCommandExecutor.java:158)\r\n\tat org.openqa.selenium.remote.service.DriverCommandExecutor.execute(DriverCommandExecutor.java:83)\r\n\tat org.openqa.selenium.remote.RemoteWebDriver.execute(RemoteWebDriver.java:548)\r\n\tat org.openqa.selenium.remote.RemoteWebDriver.findElements(RemoteWebDriver.java:349)\r\n\tat org.openqa.selenium.remote.RemoteWebDriver.findElementsByXPath(RemoteWebDriver.java:428)\r\n\tat org.openqa.selenium.By$ByXPath.findElements(By.java:348)\r\n\tat org.openqa.selenium.remote.RemoteWebDriver.findElements(RemoteWebDriver.java:310)\r\n\tat org.openqa.selenium.support.ui.ExpectedConditions.findElement(ExpectedConditions.java:895)\r\n\tat org.openqa.selenium.support.ui.ExpectedConditions.access$000(ExpectedConditions.java:44)\r\n\tat org.openqa.selenium.support.ui.ExpectedConditions$7.apply(ExpectedConditions.java:206)\r\n\tat org.openqa.selenium.support.ui.ExpectedConditions$7.apply(ExpectedConditions.java:202)\r\n\tat org.openqa.selenium.support.ui.FluentWait.until(FluentWait.java:248)\r\n\t... 27 more\r\n"},"stage":"finished","start":1533703521196,"stop":1533703586785,"parameters":[]}